<?xml version="1.0" encoding="utf-8"?><testsuites name="pytest tests"><testsuite name="pytest" errors="0" failures="0" skipped="0" tests="13" time="1.378" timestamp="2026-01-01T00:35:47.337702+00:00" hostname="agent-env-63a18427-31cb-4cec-ab64-5e2743a5b93f"><testcase classname="tests.test_iteration5_features.TestGoogleOAuthEndpoint" name="test_google_auth_url_returns_valid_url" time="0.079" /><testcase classname="tests.test_iteration5_features.TestGoogleOAuthEndpoint" name="test_google_auth_url_with_preview_domain" time="0.038" /><testcase classname="tests.test_iteration5_features.TestNotificationsEndpoint" name="test_notifications_requires_auth" time="0.046" /><testcase classname="tests.test_iteration5_features.TestNotificationsEndpoint" name="test_notifications_structure_with_auth" time="0.038" /><testcase classname="tests.test_iteration5_features.TestPulperiasEndpoint" name="test_pulperias_list" time="0.110" /><testcase classname="tests.test_iteration5_features.TestPulperiasEndpoint" name="test_single_pulperia_has_location" time="0.157" /><testcase classname="tests.test_iteration5_features.TestOrdersEndpoint" name="test_orders_requires_auth" time="0.040" /><testcase classname="tests.test_iteration5_features.TestProductsEndpoint" name="test_products_list" time="0.378" /><testcase classname="tests.test_iteration5_features.TestFavoritesEndpoint" name="test_favorites_requires_auth" time="0.041" /><testcase classname="tests.test_iteration5_features.TestJobsEndpoint" name="test_jobs_list" time="0.047" /><testcase classname="tests.test_iteration5_features.TestServicesEndpoint" name="test_services_list" time="0.079" /><testcase classname="tests.test_iteration5_features.TestAdsEndpoint" name="test_ads_plans" time="0.042" /><testcase classname="tests.test_iteration5_features.TestAdsEndpoint" name="test_ads_featured" time="0.104" /></testsuite></testsuites>