<?xml version="1.0" encoding="utf-8"?><testsuites name="pytest tests"><testsuite name="pytest" errors="0" failures="0" skipped="0" tests="8" time="0.962" timestamp="2026-01-01T18:36:39.245039+00:00" hostname="agent-env-bc56c106-0fe8-47e4-88f9-b178debd650f"><testcase classname="tests.test_iteration7_features.TestFeaturedAdsEndpoints" name="test_get_featured_ads_no_auth" time="0.077" /><testcase classname="tests.test_iteration7_features.TestFeaturedAdsEndpoints" name="test_get_my_slot_requires_auth" time="0.042" /><testcase classname="tests.test_iteration7_features.TestFeaturedAdsEndpoints" name="test_upload_featured_ad_requires_auth" time="0.076" /><testcase classname="tests.test_iteration7_features.TestCloseStoreEndpoint" name="test_close_store_requires_auth" time="0.052" /><testcase classname="tests.test_iteration7_features.TestHealthAndBasicEndpoints" name="test_health_endpoint" time="0.039" /><testcase classname="tests.test_iteration7_features.TestHealthAndBasicEndpoints" name="test_get_pulperias" time="0.154" /><testcase classname="tests.test_iteration7_features.TestHealthAndBasicEndpoints" name="test_get_products" time="0.361" /><testcase classname="tests.test_iteration7_features.TestAuthEndpoints" name="test_get_me_requires_auth" time="0.034" /></testsuite></testsuites>