<?xml version="1.0" encoding="utf-8"?><testsuites name="pytest tests"><testsuite name="pytest" errors="0" failures="0" skipped="0" tests="22" time="2.157" timestamp="2025-12-31T05:11:19.382315+00:00" hostname="agent-env-ec42279c-560f-4237-ad9e-1c0f349c6ddf"><testcase classname="tests.test_backend_api.TestPublicEndpoints" name="test_get_ad_plans" time="0.071" /><testcase classname="tests.test_backend_api.TestPublicEndpoints" name="test_get_jobs" time="0.058" /><testcase classname="tests.test_backend_api.TestPublicEndpoints" name="test_get_services" time="0.043" /><testcase classname="tests.test_backend_api.TestPublicEndpoints" name="test_get_pulperias" time="0.109" /><testcase classname="tests.test_backend_api.TestPublicEndpoints" name="test_get_featured_pulperias" time="0.103" /><testcase classname="tests.test_backend_api.TestPublicEndpoints" name="test_get_ad_assignment_log" time="0.041" /><testcase classname="tests.test_backend_api.TestPublicEndpoints" name="test_get_products" time="0.351" /><testcase classname="tests.test_backend_api.TestPublicEndpoints" name="test_jobs_search" time="0.040" /><testcase classname="tests.test_backend_api.TestPublicEndpoints" name="test_services_search" time="0.041" /><testcase classname="tests.test_backend_api.TestPublicEndpoints" name="test_pulperias_search" time="0.039" /><testcase classname="tests.test_backend_api.TestAuthenticatedEndpoints" name="test_get_me_requires_auth" time="0.077" /><testcase classname="tests.test_backend_api.TestAuthenticatedEndpoints" name="test_get_orders_requires_auth" time="0.041" /><testcase classname="tests.test_backend_api.TestAuthenticatedEndpoints" name="test_create_job_requires_auth" time="0.077" /><testcase classname="tests.test_backend_api.TestAuthenticatedEndpoints" name="test_create_service_requires_auth" time="0.037" /><testcase classname="tests.test_backend_api.TestPulperiaEndpoints" name="test_get_pulperia_by_id" time="0.151" /><testcase classname="tests.test_backend_api.TestPulperiaEndpoints" name="test_get_pulperia_products" time="0.135" /><testcase classname="tests.test_backend_api.TestPulperiaEndpoints" name="test_get_pulperia_reviews" time="0.147" /><testcase classname="tests.test_backend_api.TestPulperiaEndpoints" name="test_get_pulperia_announcements" time="0.171" /><testcase classname="tests.test_backend_api.TestPulperiaEndpoints" name="test_get_pulperia_jobs" time="0.186" /><testcase classname="tests.test_backend_api.TestAdminEndpoints" name="test_admin_pulperias_requires_auth" time="0.033" /><testcase classname="tests.test_backend_api.TestAdminEndpoints" name="test_admin_ads_requires_auth" time="0.038" /><testcase classname="tests.test_backend_api.TestAdminEndpoints" name="test_admin_messages_requires_auth" time="0.036" /></testsuite></testsuites>