<?xml version="1.0" encoding="utf-8"?><testsuites name="pytest tests"><testsuite name="pytest" errors="0" failures="0" skipped="0" tests="22" time="2.072" timestamp="2025-12-31T18:18:03.194051+00:00" hostname="agent-env-1f01e2e9-4646-484b-872c-5462e6487192"><testcase classname="tests.test_favorites_and_features.TestPublicEndpoints" name="test_get_pulperias" time="0.134" /><testcase classname="tests.test_favorites_and_features.TestPublicEndpoints" name="test_get_single_pulperia" time="0.140" /><testcase classname="tests.test_favorites_and_features.TestPublicEndpoints" name="test_get_pulperia_products" time="0.148" /><testcase classname="tests.test_favorites_and_features.TestPublicEndpoints" name="test_get_pulperia_reviews" time="0.149" /><testcase classname="tests.test_favorites_and_features.TestPublicEndpoints" name="test_get_pulperia_announcements" time="0.140" /><testcase classname="tests.test_favorites_and_features.TestPublicEndpoints" name="test_get_pulperia_jobs" time="0.149" /><testcase classname="tests.test_favorites_and_features.TestPublicEndpoints" name="test_get_ad_plans" time="0.038" /><testcase classname="tests.test_favorites_and_features.TestPublicEndpoints" name="test_get_featured_pulperias" time="0.107" /><testcase classname="tests.test_favorites_and_features.TestPublicEndpoints" name="test_get_jobs" time="0.053" /><testcase classname="tests.test_favorites_and_features.TestPublicEndpoints" name="test_get_services" time="0.043" /><testcase classname="tests.test_favorites_and_features.TestPublicEndpoints" name="test_search_products" time="0.396" /><testcase classname="tests.test_favorites_and_features.TestPublicEndpoints" name="test_get_ad_assignment_log" time="0.039" /><testcase classname="tests.test_favorites_and_features.TestAuthenticatedEndpoints" name="test_favorites_requires_auth" time="0.077" /><testcase classname="tests.test_favorites_and_features.TestAuthenticatedEndpoints" name="test_add_favorite_requires_auth" time="0.035" /><testcase classname="tests.test_favorites_and_features.TestAuthenticatedEndpoints" name="test_remove_favorite_requires_auth" time="0.036" /><testcase classname="tests.test_favorites_and_features.TestAuthenticatedEndpoints" name="test_check_favorite_requires_auth" time="0.076" /><testcase classname="tests.test_favorites_and_features.TestAuthenticatedEndpoints" name="test_get_orders_requires_auth" time="0.036" /><testcase classname="tests.test_favorites_and_features.TestAuthenticatedEndpoints" name="test_get_notifications_requires_auth" time="0.036" /><testcase classname="tests.test_favorites_and_features.TestAuthenticatedEndpoints" name="test_get_auth_me_requires_auth" time="0.038" /><testcase classname="tests.test_favorites_and_features.TestAuthenticatedEndpoints" name="test_admin_endpoints_require_auth" time="0.072" /><testcase classname="tests.test_favorites_and_features.TestErrorHandling" name="test_invalid_pulperia_id" time="0.037" /><testcase classname="tests.test_favorites_and_features.TestErrorHandling" name="test_invalid_product_id" time="0.036" /></testsuite></testsuites>