<?xml version="1.0" encoding="utf-8"?><testsuites name="pytest tests"><testsuite name="pytest" errors="0" failures="0" skipped="0" tests="22" time="1.952" timestamp="2025-12-31T06:31:09.905731+00:00" hostname="agent-env-1f01e2e9-4646-484b-872c-5462e6487192"><testcase classname="tests.test_backend_api.TestPublicEndpoints" name="test_get_ad_plans" time="0.063" /><testcase classname="tests.test_backend_api.TestPublicEndpoints" name="test_get_jobs" time="0.051" /><testcase classname="tests.test_backend_api.TestPublicEndpoints" name="test_get_services" time="0.041" /><testcase classname="tests.test_backend_api.TestPublicEndpoints" name="test_get_pulperias" time="0.102" /><testcase classname="tests.test_backend_api.TestPublicEndpoints" name="test_get_featured_pulperias" time="0.112" /><testcase classname="tests.test_backend_api.TestPublicEndpoints" name="test_get_ad_assignment_log" time="0.042" /><testcase classname="tests.test_backend_api.TestPublicEndpoints" name="test_get_products" time="0.319" /><testcase classname="tests.test_backend_api.TestPublicEndpoints" name="test_jobs_search" time="0.051" /><testcase classname="tests.test_backend_api.TestPublicEndpoints" name="test_services_search" time="0.035" /><testcase classname="tests.test_backend_api.TestPublicEndpoints" name="test_pulperias_search" time="0.035" /><testcase classname="tests.test_backend_api.TestAuthenticatedEndpoints" name="test_get_me_requires_auth" time="0.037" /><testcase classname="tests.test_backend_api.TestAuthenticatedEndpoints" name="test_get_orders_requires_auth" time="0.035" /><testcase classname="tests.test_backend_api.TestAuthenticatedEndpoints" name="test_create_job_requires_auth" time="0.036" /><testcase classname="tests.test_backend_api.TestAuthenticatedEndpoints" name="test_create_service_requires_auth" time="0.035" /><testcase classname="tests.test_backend_api.TestPulperiaEndpoints" name="test_get_pulperia_by_id" time="0.137" /><testcase classname="tests.test_backend_api.TestPulperiaEndpoints" name="test_get_pulperia_products" time="0.137" /><testcase classname="tests.test_backend_api.TestPulperiaEndpoints" name="test_get_pulperia_reviews" time="0.132" /><testcase classname="tests.test_backend_api.TestPulperiaEndpoints" name="test_get_pulperia_announcements" time="0.126" /><testcase classname="tests.test_backend_api.TestPulperiaEndpoints" name="test_get_pulperia_jobs" time="0.138" /><testcase classname="tests.test_backend_api.TestAdminEndpoints" name="test_admin_pulperias_requires_auth" time="0.077" /><testcase classname="tests.test_backend_api.TestAdminEndpoints" name="test_admin_ads_requires_auth" time="0.032" /><testcase classname="tests.test_backend_api.TestAdminEndpoints" name="test_admin_messages_requires_auth" time="0.039" /></testsuite></testsuites>