<?xml version="1.0" encoding="utf-8"?><testsuites name="pytest tests"><testsuite name="pytest" errors="0" failures="0" skipped="0" tests="17" time="0.973" timestamp="2026-01-01T18:10:02.902795+00:00" hostname="agent-env-bc56c106-0fe8-47e4-88f9-b178debd650f"><testcase classname="tests.test_iteration6_features.TestIteration6Features" name="test_api_health" time="0.132" /><testcase classname="tests.test_iteration6_features.TestIteration6Features" name="test_close_endpoint_exists_and_requires_auth" time="0.037" /><testcase classname="tests.test_iteration6_features.TestIteration6Features" name="test_close_endpoint_with_invalid_auth" time="0.038" /><testcase classname="tests.test_iteration6_features.TestIteration6Features" name="test_badge_demo_route_not_exists" time="0.039" /><testcase classname="tests.test_iteration6_features.TestIteration6Features" name="test_google_auth_url_endpoint" time="0.039" /><testcase classname="tests.test_iteration6_features.TestIteration6Features" name="test_pulperias_list" time="0.106" /><testcase classname="tests.test_iteration6_features.TestIteration6Features" name="test_products_search" time="0.359" /><testcase classname="tests.test_iteration6_features.TestIteration6Features" name="test_featured_ads_endpoint" time="0.041" /><testcase classname="tests.test_iteration6_features.TestIteration6Features" name="test_achievement_definitions" time="0.038" /><testcase classname="tests.test_iteration6_features.TestIteration6Features" name="test_jobs_endpoint" time="0.052" /><testcase classname="tests.test_iteration6_features.TestIteration6Features" name="test_services_endpoint" time="0.039" /><testcase classname="tests.test_iteration6_features.TestLogoVerification" name="test_logo_svg_has_flat_roof" time="0.001" /><testcase classname="tests.test_iteration6_features.TestLogoVerification" name="test_logo_has_art_deco_style" time="0.000" /><testcase classname="tests.test_iteration6_features.TestAppJsRoutes" name="test_badge_demo_removed_from_routes" time="0.000" /><testcase classname="tests.test_iteration6_features.TestAppJsRoutes" name="test_required_routes_exist" time="0.000" /><testcase classname="tests.test_iteration6_features.TestCloseStoreBackend" name="test_close_endpoint_in_server" time="0.000" /><testcase classname="tests.test_iteration6_features.TestCloseStoreBackend" name="test_close_endpoint_deletes_related_data" time="0.000" /></testsuite></testsuites>